<?xml version="1.0" encoding="UTF-8"?>
<testng-results ignored="0" total="1" passed="1" failed="0" skipped="0">
  <reporter-output>
  </reporter-output>
  <suite started-at="2023-03-20T16:36:21 IST" name="Suite" finished-at="2023-03-20T16:36:41 IST" duration-ms="19211">
    <groups>
    </groups>
    <test started-at="2023-03-20T16:36:21 IST" name="Test" finished-at="2023-03-20T16:36:41 IST" duration-ms="19211">
      <class name="Crossbrowser.Testing">
        <test-method signature="test()[pri:0, instance:Crossbrowser.Testing@65f095f8]" started-at="2023-03-20T16:36:21 IST" name="test" finished-at="2023-03-20T16:36:41 IST" duration-ms="19178" status="PASS">
          <reporter-output>
          </reporter-output>
        </test-method> <!-- test -->
      </class> <!-- Crossbrowser.Testing -->
    </test> <!-- Test -->
  </suite> <!-- Suite -->
</testng-results>
